[2020-12-14 17:46:18.470] [exthost] [info] extension host started
[2020-12-14 17:46:19.103] [exthost] [info] ExtensionService#_doActivateExtension vscode.microsoft-authentication {"startup":false,"extensionId":{"value":"vscode.microsoft-authentication","_lower":"vscode.microsoft-authentication"},"activationEvent":"onAuthenticationRequest:microsoft"}
[2020-12-14 17:46:19.103] [exthost] [info] ExtensionService#loadCommonJSModule file:///opt/visual-studio-code/resources/app/extensions/microsoft-authentication/dist/extension.js
[2020-12-14 17:46:19.112] [exthost] [info] ExtensionService#_doActivateExtension ms-vscode.cpptools {"startup":false,"extensionId":{"value":"ms-vscode.cpptools","_lower":"ms-vscode.cpptools"},"activationEvent":"onLanguage:cpp"}
[2020-12-14 17:46:19.112] [exthost] [info] ExtensionService#loadCommonJSModule file:///home/quynx/.vscode/extensions/ms-vscode.cpptools-1.1.3/dist/main
[2020-12-14 17:46:19.204] [exthost] [info] ExtensionService#_doActivateExtension xaver.clang-format {"startup":false,"extensionId":{"value":"xaver.clang-format","_lower":"xaver.clang-format"},"activationEvent":"onLanguage:cpp"}
[2020-12-14 17:46:19.204] [exthost] [info] ExtensionService#loadCommonJSModule file:///home/quynx/.vscode/extensions/xaver.clang-format-1.9.0/out/src/extension
[2020-12-14 17:46:19.210] [exthost] [info] ExtensionService#_doActivateExtension vscode.debug-auto-launch {"startup":true,"extensionId":{"value":"vscode.debug-auto-launch","_lower":"vscode.debug-auto-launch"},"activationEvent":"*"}
[2020-12-14 17:46:19.210] [exthost] [info] ExtensionService#loadCommonJSModule file:///opt/visual-studio-code/resources/app/extensions/debug-auto-launch/dist/extension
[2020-12-14 17:46:19.211] [exthost] [info] ExtensionService#_doActivateExtension vscode.emmet {"startup":true,"extensionId":{"value":"vscode.emmet","_lower":"vscode.emmet"},"activationEvent":"*"}
[2020-12-14 17:46:19.211] [exthost] [info] ExtensionService#loadCommonJSModule file:///opt/visual-studio-code/resources/app/extensions/emmet/dist/node/emmetNodeMain
[2020-12-14 17:46:19.222] [exthost] [info] ExtensionService#_doActivateExtension vscode.git {"startup":true,"extensionId":{"value":"vscode.github","_lower":"vscode.github"},"activationEvent":"*"}
[2020-12-14 17:46:19.223] [exthost] [info] ExtensionService#loadCommonJSModule file:///opt/visual-studio-code/resources/app/extensions/git/dist/main
[2020-12-14 17:46:19.239] [exthost] [info] ExtensionService#_doActivateExtension vscode.merge-conflict {"startup":true,"extensionId":{"value":"vscode.merge-conflict","_lower":"vscode.merge-conflict"},"activationEvent":"*"}
[2020-12-14 17:46:19.239] [exthost] [info] ExtensionService#loadCommonJSModule file:///opt/visual-studio-code/resources/app/extensions/merge-conflict/dist/mergeConflictMain
[2020-12-14 17:46:19.241] [exthost] [info] ExtensionService#_doActivateExtension vscode.search-result {"startup":true,"extensionId":{"value":"vscode.search-result","_lower":"vscode.search-result"},"activationEvent":"*"}
[2020-12-14 17:46:19.241] [exthost] [info] ExtensionService#loadCommonJSModule file:///opt/visual-studio-code/resources/app/extensions/search-result/dist/extension.js
[2020-12-14 17:46:19.242] [exthost] [info] ExtensionService#_doActivateExtension DivyanshuAgrawal.competitive-programming-helper {"startup":true,"extensionId":{"value":"DivyanshuAgrawal.competitive-programming-helper","_lower":"divyanshuagrawal.competitive-programming-helper"},"activationEvent":"*"}
[2020-12-14 17:46:19.242] [exthost] [info] ExtensionService#loadCommonJSModule file:///home/quynx/.vscode/extensions/divyanshuagrawal.competitive-programming-helper-4.5.5/dist/extension.js
[2020-12-14 17:46:19.248] [exthost] [info] ExtensionService#_doActivateExtension vscodevim.vim {"startup":true,"extensionId":{"value":"vscodevim.vim","_lower":"vscodevim.vim"},"activationEvent":"*"}
[2020-12-14 17:46:19.248] [exthost] [info] ExtensionService#loadCommonJSModule file:///home/quynx/.vscode/extensions/vscodevim.vim-1.18.5/out/extension
[2020-12-14 17:46:19.689] [exthost] [info] ExtensionService#_doActivateExtension vscode.github {"startup":true,"extensionId":{"value":"vscode.github","_lower":"vscode.github"},"activationEvent":"*"}
[2020-12-14 17:46:19.689] [exthost] [info] ExtensionService#loadCommonJSModule file:///opt/visual-studio-code/resources/app/extensions/github/dist/extension.js
[2020-12-14 17:46:19.732] [exthost] [info] ExtensionService#_doActivateExtension ms-vscode.js-debug {"startup":false,"extensionId":{"value":"ms-vscode.js-debug","_lower":"ms-vscode.js-debug"},"activationEvent":"onCommand:extension.js-debug.clearAutoAttachVariables"}
[2020-12-14 17:46:19.732] [exthost] [info] ExtensionService#loadCommonJSModule file:///opt/visual-studio-code/resources/app/extensions/ms-vscode.js-debug/src/extension.js
[2020-12-14 17:46:19.803] [exthost] [info] eager extensions activated
[2020-12-14 17:46:19.824] [exthost] [info] ExtensionService#_doActivateExtension ms-vscode-remote.remote-wsl {"startup":false,"extensionId":{"value":"ms-vscode-remote.remote-wsl","_lower":"ms-vscode-remote.remote-wsl"},"activationEvent":"onStartupFinished"}
[2020-12-14 17:46:19.824] [exthost] [info] ExtensionService#loadCommonJSModule file:///home/quynx/.vscode/extensions/ms-vscode-remote.remote-wsl-0.52.0/dist/extension
[2020-12-14 17:46:19.892] [exthost] [info] ExtensionService#_doActivateExtension vscode.github-authentication {"startup":false,"extensionId":{"value":"vscode.github-authentication","_lower":"vscode.github-authentication"},"activationEvent":"onAuthenticationRequest:github"}
[2020-12-14 17:46:19.892] [exthost] [info] ExtensionService#loadCommonJSModule file:///opt/visual-studio-code/resources/app/extensions/github-authentication/dist/extension.js
[2020-12-14 17:46:20.445] [exthost] [info] ExtensionService#_doActivateExtension vscode.configuration-editing {"startup":false,"extensionId":{"value":"vscode.configuration-editing","_lower":"vscode.configuration-editing"},"activationEvent":"onLanguage:jsonc"}
[2020-12-14 17:46:20.445] [exthost] [info] ExtensionService#loadCommonJSModule file:///opt/visual-studio-code/resources/app/extensions/configuration-editing/dist/configurationEditingMain
[2020-12-14 17:46:20.447] [exthost] [info] ExtensionService#_doActivateExtension vscode.json-language-features {"startup":false,"extensionId":{"value":"vscode.json-language-features","_lower":"vscode.json-language-features"},"activationEvent":"onLanguage:jsonc"}
[2020-12-14 17:46:20.447] [exthost] [info] ExtensionService#loadCommonJSModule file:///opt/visual-studio-code/resources/app/extensions/json-language-features/client/dist/node/jsonClientMain
[2020-12-14 17:46:20.461] [exthost] [info] ExtensionService#_doActivateExtension vscode.typescript-language-features {"startup":false,"extensionId":{"value":"vscode.typescript-language-features","_lower":"vscode.typescript-language-features"},"activationEvent":"onLanguage:jsonc"}
[2020-12-14 17:46:20.461] [exthost] [info] ExtensionService#loadCommonJSModule file:///opt/visual-studio-code/resources/app/extensions/typescript-language-features/dist/extension
