[2020-12-14 16:13:06.711] [exthost] [info] extension host started
[2020-12-14 16:13:07.188] [exthost] [info] ExtensionService#_doActivateExtension vscode.microsoft-authentication {"startup":false,"extensionId":{"value":"vscode.microsoft-authentication","_lower":"vscode.microsoft-authentication"},"activationEvent":"onAuthenticationRequest:microsoft"}
[2020-12-14 16:13:07.189] [exthost] [info] ExtensionService#loadCommonJSModule file:///opt/visual-studio-code/resources/app/extensions/microsoft-authentication/dist/extension.js
[2020-12-14 16:13:07.204] [exthost] [info] ExtensionService#_doActivateExtension ms-vscode.cpptools {"startup":false,"extensionId":{"value":"ms-vscode.cpptools","_lower":"ms-vscode.cpptools"},"activationEvent":"onLanguage:cpp"}
[2020-12-14 16:13:07.205] [exthost] [info] ExtensionService#loadCommonJSModule file:///home/quynx/.vscode/extensions/ms-vscode.cpptools-1.1.3/dist/main
[2020-12-14 16:13:07.317] [exthost] [info] ExtensionService#_doActivateExtension vscode.debug-auto-launch {"startup":true,"extensionId":{"value":"vscode.debug-auto-launch","_lower":"vscode.debug-auto-launch"},"activationEvent":"*"}
[2020-12-14 16:13:07.318] [exthost] [info] ExtensionService#loadCommonJSModule file:///opt/visual-studio-code/resources/app/extensions/debug-auto-launch/dist/extension
[2020-12-14 16:13:07.319] [exthost] [info] ExtensionService#_doActivateExtension vscode.emmet {"startup":true,"extensionId":{"value":"vscode.emmet","_lower":"vscode.emmet"},"activationEvent":"*"}
[2020-12-14 16:13:07.319] [exthost] [info] ExtensionService#loadCommonJSModule file:///opt/visual-studio-code/resources/app/extensions/emmet/dist/node/emmetNodeMain
[2020-12-14 16:13:07.333] [exthost] [info] ExtensionService#_doActivateExtension vscode.git {"startup":true,"extensionId":{"value":"vscode.github","_lower":"vscode.github"},"activationEvent":"*"}
[2020-12-14 16:13:07.333] [exthost] [info] ExtensionService#loadCommonJSModule file:///opt/visual-studio-code/resources/app/extensions/git/dist/main
[2020-12-14 16:13:07.352] [exthost] [info] ExtensionService#_doActivateExtension vscode.merge-conflict {"startup":true,"extensionId":{"value":"vscode.merge-conflict","_lower":"vscode.merge-conflict"},"activationEvent":"*"}
[2020-12-14 16:13:07.352] [exthost] [info] ExtensionService#loadCommonJSModule file:///opt/visual-studio-code/resources/app/extensions/merge-conflict/dist/mergeConflictMain
[2020-12-14 16:13:07.354] [exthost] [info] ExtensionService#_doActivateExtension vscode.search-result {"startup":true,"extensionId":{"value":"vscode.search-result","_lower":"vscode.search-result"},"activationEvent":"*"}
[2020-12-14 16:13:07.354] [exthost] [info] ExtensionService#loadCommonJSModule file:///opt/visual-studio-code/resources/app/extensions/search-result/dist/extension.js
[2020-12-14 16:13:07.355] [exthost] [info] ExtensionService#_doActivateExtension vscodevim.vim {"startup":true,"extensionId":{"value":"vscodevim.vim","_lower":"vscodevim.vim"},"activationEvent":"*"}
[2020-12-14 16:13:07.355] [exthost] [info] ExtensionService#loadCommonJSModule file:///home/quynx/.vscode/extensions/vscodevim.vim-1.18.5/out/extension
[2020-12-14 16:13:07.609] [exthost] [info] ExtensionService#_doActivateExtension vscode.github {"startup":true,"extensionId":{"value":"vscode.github","_lower":"vscode.github"},"activationEvent":"*"}
[2020-12-14 16:13:07.609] [exthost] [info] ExtensionService#loadCommonJSModule file:///opt/visual-studio-code/resources/app/extensions/github/dist/extension.js
[2020-12-14 16:13:07.833] [exthost] [info] eager extensions activated
[2020-12-14 16:13:07.893] [exthost] [info] ExtensionService#_doActivateExtension ms-vscode.js-debug {"startup":false,"extensionId":{"value":"ms-vscode.js-debug","_lower":"ms-vscode.js-debug"},"activationEvent":"onCommand:extension.js-debug.clearAutoAttachVariables"}
[2020-12-14 16:13:07.893] [exthost] [info] ExtensionService#loadCommonJSModule file:///opt/visual-studio-code/resources/app/extensions/ms-vscode.js-debug/src/extension.js
[2020-12-14 16:13:07.982] [exthost] [info] ExtensionService#_doActivateExtension ms-vscode-remote.remote-wsl {"startup":false,"extensionId":{"value":"ms-vscode-remote.remote-wsl","_lower":"ms-vscode-remote.remote-wsl"},"activationEvent":"onStartupFinished"}
[2020-12-14 16:13:07.982] [exthost] [info] ExtensionService#loadCommonJSModule file:///home/quynx/.vscode/extensions/ms-vscode-remote.remote-wsl-0.52.0/dist/extension
[2020-12-14 16:13:08.077] [exthost] [info] ExtensionService#_doActivateExtension vscode.github-authentication {"startup":false,"extensionId":{"value":"vscode.github-authentication","_lower":"vscode.github-authentication"},"activationEvent":"onAuthenticationRequest:github"}
[2020-12-14 16:13:08.077] [exthost] [info] ExtensionService#loadCommonJSModule file:///opt/visual-studio-code/resources/app/extensions/github-authentication/dist/extension.js
[2020-12-14 16:13:08.575] [exthost] [info] ExtensionService#_doActivateExtension vscode.configuration-editing {"startup":false,"extensionId":{"value":"vscode.configuration-editing","_lower":"vscode.configuration-editing"},"activationEvent":"onLanguage:jsonc"}
[2020-12-14 16:13:08.576] [exthost] [info] ExtensionService#loadCommonJSModule file:///opt/visual-studio-code/resources/app/extensions/configuration-editing/dist/configurationEditingMain
[2020-12-14 16:13:08.577] [exthost] [info] ExtensionService#_doActivateExtension vscode.json-language-features {"startup":false,"extensionId":{"value":"vscode.json-language-features","_lower":"vscode.json-language-features"},"activationEvent":"onLanguage:jsonc"}
[2020-12-14 16:13:08.578] [exthost] [info] ExtensionService#loadCommonJSModule file:///opt/visual-studio-code/resources/app/extensions/json-language-features/client/dist/node/jsonClientMain
[2020-12-14 16:13:08.588] [exthost] [info] ExtensionService#_doActivateExtension vscode.typescript-language-features {"startup":false,"extensionId":{"value":"vscode.typescript-language-features","_lower":"vscode.typescript-language-features"},"activationEvent":"onLanguage:jsonc"}
[2020-12-14 16:13:08.588] [exthost] [info] ExtensionService#loadCommonJSModule file:///opt/visual-studio-code/resources/app/extensions/typescript-language-features/dist/extension
[2020-12-14 16:13:20.092] [exthost] [info] ExtensionService#_doActivateExtension formulahendry.code-runner {"startup":false,"extensionId":{"value":"formulahendry.code-runner","_lower":"formulahendry.code-runner"},"activationEvent":"onCommand:code-runner.run"}
[2020-12-14 16:13:20.092] [exthost] [info] ExtensionService#loadCommonJSModule file:///home/quynx/.vscode/extensions/formulahendry.code-runner-0.11.1/out/src/extension
[2020-12-14 16:16:12.300] [exthost] [error] [ms-vscode.cpptools] provider FAILED
[2020-12-14 16:16:12.300] [exthost] [error] undefined
[2020-12-14 16:16:55.232] [exthost] [info] ExtensionService#_doActivateExtension vscode.extension-editing {"startup":false,"extensionId":{"value":"vscode.extension-editing","_lower":"vscode.extension-editing"},"activationEvent":"onLanguage:json"}
[2020-12-14 16:16:55.232] [exthost] [info] ExtensionService#loadCommonJSModule file:///opt/visual-studio-code/resources/app/extensions/extension-editing/dist/extensionEditingMain
[2020-12-14 16:16:55.241] [exthost] [info] ExtensionService#_doActivateExtension vscode.npm {"startup":false,"extensionId":{"value":"vscode.npm","_lower":"vscode.npm"},"activationEvent":"onLanguage:json"}
[2020-12-14 16:16:55.241] [exthost] [info] ExtensionService#loadCommonJSModule file:///opt/visual-studio-code/resources/app/extensions/npm/dist/npmMain
[2020-12-14 16:17:03.021] [exthost] [info] ExtensionService#_doActivateExtension xaver.clang-format {"startup":false,"extensionId":{"value":"xaver.clang-format","_lower":"xaver.clang-format"},"activationEvent":"onLanguage:cpp"}
[2020-12-14 16:17:03.022] [exthost] [info] ExtensionService#loadCommonJSModule file:///home/quynx/.vscode/extensions/xaver.clang-format-1.9.0/out/src/extension
[2020-12-14 16:17:40.302] [exthost] [error] [ms-vscode.cpptools] provider FAILED
[2020-12-14 16:17:40.302] [exthost] [error] undefined
[2020-12-14 16:17:46.761] [exthost] [error] [ms-vscode.cpptools] provider FAILED
[2020-12-14 16:17:46.761] [exthost] [error] undefined
[2020-12-14 16:18:15.403] [exthost] [info] ExtensionService#_doActivateExtension vscode.grunt {"startup":false,"extensionId":{"value":"vscode.grunt","_lower":"vscode.grunt"},"activationEvent":"onCommand:workbench.action.tasks.runTask"}
[2020-12-14 16:18:15.404] [exthost] [info] ExtensionService#loadCommonJSModule file:///opt/visual-studio-code/resources/app/extensions/grunt/dist/main
[2020-12-14 16:18:15.413] [exthost] [info] ExtensionService#_doActivateExtension vscode.gulp {"startup":false,"extensionId":{"value":"vscode.gulp","_lower":"vscode.gulp"},"activationEvent":"onCommand:workbench.action.tasks.runTask"}
[2020-12-14 16:18:15.413] [exthost] [info] ExtensionService#loadCommonJSModule file:///opt/visual-studio-code/resources/app/extensions/gulp/dist/main
[2020-12-14 16:18:15.420] [exthost] [info] ExtensionService#_doActivateExtension vscode.jake {"startup":false,"extensionId":{"value":"vscode.jake","_lower":"vscode.jake"},"activationEvent":"onCommand:workbench.action.tasks.runTask"}
[2020-12-14 16:18:15.420] [exthost] [info] ExtensionService#loadCommonJSModule file:///opt/visual-studio-code/resources/app/extensions/jake/dist/main
[2020-12-14 16:35:02.823] [exthost] [info] ExtensionService#_doActivateExtension DivyanshuAgrawal.competitive-programming-helper {"startup":false,"extensionId":{"value":"DivyanshuAgrawal.competitive-programming-helper","_lower":"divyanshuagrawal.competitive-programming-helper"},"activationEvent":"*"}
[2020-12-14 16:35:02.823] [exthost] [info] ExtensionService#loadCommonJSModule file:///home/quynx/.vscode/extensions/divyanshuagrawal.competitive-programming-helper-4.5.5/dist/extension.js
