[2020-12-14 17:46:17.288] [userDataSync] [info] Using settings sync service https://vscode-sync.trafficmanager.net/
[2020-12-14 17:46:17.288] [userDataSync] [info] Auto Sync is enabled.
[2020-12-14 17:46:17.288] [userDataSync] [info] Auto Sync: Suspended until auth token is available.
[2020-12-14 17:46:19.984] [userDataSync] [info] Auto Sync: Started
[2020-12-14 17:46:19.985] [userDataSync] [info] Auto Sync: Triggered by Interval
[2020-12-14 17:46:20.458] [userDataSync] [info] Settings: No changes found during synchronizing settings.
[2020-12-14 17:46:20.490] [userDataSync] [info] Keybindings: No changes found during synchronizing keybindings.
[2020-12-14 17:46:20.506] [userDataSync] [info] Snippets: No changes found during synchronizing snippets.
[2020-12-14 17:46:20.535] [userDataSync] [info] GlobalState: No changes found during synchronizing ui state.
[2020-12-14 17:46:20.611] [userDataSync] [info] Extensions: No changes found during synchronizing extensions.
[2020-12-14 17:46:20.612] [userDataSync] [info] Sync done. Took 182ms
[2020-12-14 17:46:39.961] [userDataSync] [info] Auto Sync: Triggered by Activity
[2020-12-14 17:46:40.177] [userDataSync] [info] Settings: Updated remote settings
[2020-12-14 17:46:40.185] [userDataSync] [info] Settings: Updated last synchronized settings
[2020-12-14 17:46:40.193] [userDataSync] [info] Keybindings: No changes found during synchronizing keybindings.
[2020-12-14 17:46:40.204] [userDataSync] [info] Snippets: No changes found during synchronizing snippets.
[2020-12-14 17:46:40.519] [userDataSync] [info] GlobalState: Updated remote ui state
[2020-12-14 17:46:40.523] [userDataSync] [info] GlobalState: Updated last synchronized ui state
[2020-12-14 17:46:40.579] [userDataSync] [info] Extensions: No changes found during synchronizing extensions.
[2020-12-14 17:46:40.580] [userDataSync] [info] Sync done. Took 545ms
[2020-12-14 17:46:57.053] [userDataSync] [info] Auto Sync: Triggered by Activity
[2020-12-14 17:46:57.139] [userDataSync] [info] Settings: No changes found during synchronizing settings.
[2020-12-14 17:46:57.146] [userDataSync] [info] Keybindings: No changes found during synchronizing keybindings.
[2020-12-14 17:46:57.155] [userDataSync] [info] Snippets: No changes found during synchronizing snippets.
[2020-12-14 17:46:57.177] [userDataSync] [info] GlobalState: No changes found during synchronizing ui state.
[2020-12-14 17:46:57.221] [userDataSync] [info] Extensions: No changes found during synchronizing extensions.
[2020-12-14 17:46:57.221] [userDataSync] [info] Sync done. Took 93ms
[2020-12-14 17:47:03.736] [userDataSync] [info] Auto Sync: Stopped
